Arguments: 
  /usr/bin/node /usr/share/yarn/bin/yarn.js init

PATH: 
  /usr/local/sbin:/usr/local/bin:/usr/sbin:/usr/bin:/sbin:/bin:/usr/games:/usr/local/games:/snap/bin:/home/tsco/.yarn/bin:/home/tsco/.composer/vendor/bin

Yarn version: 
  1.5.1

Node version: 
  9.8.0

Platform: 
  linux x64

npm manifest: 
  {
    "name": "tje3d-websocket-manager",
    "version": "1.0.0",
    "description": "Deadly simple Websocket wrapper",
    "main": "index.js",
    "repository": "git@github.com:tje3d/Websocket.git",
    "author": "Moein <tje3d@yahoo.com>",
    "license": "MIT"
  }

yarn manifest: 
  No manifest

Lockfile: 
  No lockfile

Trace: 
  Error: canceled
      at Interface.<anonymous> (/usr/share/yarn/lib/cli.js:128791:13)
      at Interface.emit (events.js:180:13)
      at Interface._ttyWrite (readline.js:783:16)
      at ReadStream.onkeypress (readline.js:163:10)
      at ReadStream.emit (events.js:180:13)
      at emitKeys (internal/readline.js:420:14)
      at emitKeys.next (<anonymous>)
      at ReadStream.onData (readline.js:1019:36)
      at ReadStream.emit (events.js:180:13)
      at addChunk (_stream_readable.js:269:12)
